<?xml version="1.0" encoding="UTF-8"?>
<!-- Generated by org.testng.reporters.JUnitReportReporter -->
<testsuite hostname="DESKTOP-BI59BO4" failures="0" tests="1" name="testcases.tc2Test" time="0.013" errors="0" timestamp="2023-01-04T12:20:34 IST" skipped="0">
  <testcase classname="testcases.tc2Test" name="m2" time="0.013"/>
  <system-out>
    <![CDATA[tc2 Test running]]>
  </system-out>
</testsuite> <!-- testcases.tc2Test -->
